[
  {
    "line": 2,
    "elements": [
      {
        "line": 4,
        "name": "",
        "description": "",
        "type": "background",
        "keyword": "Background",
        "steps": [
          {
            "result": {
              "duration": 5236637131,
              "status": "passed"
            },
            "line": 5,
            "name": "the Evernote Home page is loaded",
            "match": {
              "arguments": [
                {
                  "val": "Evernote Home",
                  "offset": 4
                }
              ],
              "location": "NavigationSteps.siteIsLoaded(String)"
            },
            "keyword": "Given "
          },
          {
            "result": {
              "duration": 16537767764,
              "status": "passed"
            },
            "line": 6,
            "name": "an existing account is logged in to",
            "match": {
              "location": "LoginSteps.logInWithValidCredentialsForExistingAccount()"
            },
            "keyword": "And "
          }
        ]
      },
      {
        "before": [
          {
            "result": {
              "duration": 17431029469,
              "status": "passed"
            },
            "match": {
              "location": "CucumberBeforeAfter.setup()"
            }
          }
        ],
        "line": 8,
        "name": "Create a note",
        "description": "",
        "id": "creation-of-notes;create-a-note",
        "after": [
          {
            "result": {
              "duration": 128814221,
              "error_message": "org.openqa.selenium.interactions.MoveTargetOutOfBoundsException: Offset within element cannot be scrolled into view: (0, 0): [object HTMLDivElement]\nCommand duration or timeout: 36 milliseconds\nBuild info: version: \u00272.47.1\u0027, revision: \u0027unknown\u0027, time: \u00272015-07-30 11:02:44\u0027\nSystem info: host: \u0027itdplap006247\u0027, ip: \u0027192.168.1.72\u0027, os.name: \u0027Windows 8.1\u0027, os.arch: \u0027amd64\u0027, os.version: \u00276.3\u0027, java.version: \u00271.8.0_40\u0027\nDriver info: org.openqa.selenium.firefox.FirefoxDriver\nCapabilities [{applicationCacheEnabled\u003dtrue, rotatable\u003dfalse, handlesAlerts\u003dtrue, databaseEnabled\u003dtrue, version\u003d42.0, platform\u003dWINDOWS, nativeEvents\u003dfalse, acceptSslCerts\u003dtrue, webStorageEnabled\u003dtrue, locationContextEnabled\u003dtrue, browserName\u003dfirefox, takesScreenshot\u003dtrue, javascriptEnabled\u003dtrue, cssSelectorsEnabled\u003dtrue}]\nSession ID: 4ef49613-a9d0-42c0-b824-6ab15f95401d\r\n\tat sun.reflect.NativeConstructorAccessorImpl.newInstance0(Native Method)\r\n\tat sun.reflect.NativeConstructorAccessorImpl.newInstance(NativeConstructorAccessorImpl.java:62)\r\n\tat sun.reflect.DelegatingConstructorAccessorImpl.newInstance(DelegatingConstructorAccessorImpl.java:45)\r\n\tat java.lang.reflect.Constructor.newInstance(Constructor.java:422)\r\n\tat org.openqa.selenium.remote.ErrorHandler.createThrowable(ErrorHandler.java:206)\r\n\tat org.openqa.selenium.remote.ErrorHandler.throwIfResponseFailed(ErrorHandler.java:158)\r\n\tat org.openqa.selenium.remote.RemoteWebDriver.execute(RemoteWebDriver.java:595)\r\n\tat org.openqa.selenium.remote.RemoteExecuteMethod.execute(RemoteExecuteMethod.java:35)\r\n\tat org.openqa.selenium.remote.RemoteMouse.mouseMove(RemoteMouse.java:89)\r\n\tat org.openqa.selenium.interactions.MoveMouseAction.perform(MoveMouseAction.java:39)\r\n\tat org.openqa.selenium.interactions.CompositeAction.perform(CompositeAction.java:50)\r\n\tat org.openqa.selenium.interactions.Actions.perform(Actions.java:371)\r\n\tat edu.plas.testautoandci.ampc.pageobjectmodels.NotesList.deleteNote(NotesList.java:99)\r\n\tat edu.plas.testautoandci.ampc.pageobjectmodels.NotesList.clear(NotesList.java:48)\r\n\tat edu.plas.testautoandci.ampc.helper.CucumberBeforeAfter.clearNotes(CucumberBeforeAfter.java:53)\r\n\tat sun.reflect.NativeMethodAccessorImpl.invoke0(Native Method)\r\n\tat sun.reflect.NativeMethodAccessorImpl.invoke(NativeMethodAccessorImpl.java:62)\r\n\tat sun.reflect.DelegatingMethodAccessorImpl.invoke(DelegatingMethodAccessorImpl.java:43)\r\n\tat java.lang.reflect.Method.invoke(Method.java:497)\r\n\tat cucumber.runtime.Utils$1.call(Utils.java:37)\r\n\tat cucumber.runtime.Timeout.timeout(Timeout.java:13)\r\n\tat cucumber.runtime.Utils.invoke(Utils.java:31)\r\n\tat cucumber.runtime.java.JavaHookDefinition.execute(JavaHookDefinition.java:60)\r\n\tat cucumber.runtime.Runtime.runHookIfTagsMatch(Runtime.java:223)\r\n\tat cucumber.runtime.Runtime.runHooks(Runtime.java:211)\r\n\tat cucumber.runtime.Runtime.runAfterHooks(Runtime.java:205)\r\n\tat cucumber.runtime.model.CucumberScenario.run(CucumberScenario.java:46)\r\n\tat cucumber.runtime.junit.ExecutionUnitRunner.run(ExecutionUnitRunner.java:91)\r\n\tat cucumber.runtime.junit.FeatureRunner.runChild(FeatureRunner.java:63)\r\n\tat cucumber.runtime.junit.FeatureRunner.runChild(FeatureRunner.java:18)\r\n\tat org.junit.runners.ParentRunner$3.run(ParentRunner.java:290)\r\n\tat org.junit.runners.ParentRunner$1.schedule(ParentRunner.java:71)\r\n\tat org.junit.runners.ParentRunner.runChildren(ParentRunner.java:288)\r\n\tat org.junit.runners.ParentRunner.access$000(ParentRunner.java:58)\r\n\tat org.junit.runners.ParentRunner$2.evaluate(ParentRunner.java:268)\r\n\tat org.junit.runners.ParentRunner.run(ParentRunner.java:363)\r\n\tat cucumber.runtime.junit.FeatureRunner.run(FeatureRunner.java:70)\r\n\tat cucumber.api.junit.Cucumber.runChild(Cucumber.java:93)\r\n\tat cucumber.api.junit.Cucumber.runChild(Cucumber.java:37)\r\n\tat org.junit.runners.ParentRunner$3.run(ParentRunner.java:290)\r\n\tat org.junit.runners.ParentRunner$1.schedule(ParentRunner.java:71)\r\n\tat org.junit.runners.ParentRunner.runChildren(ParentRunner.java:288)\r\n\tat org.junit.runners.ParentRunner.access$000(ParentRunner.java:58)\r\n\tat org.junit.runners.ParentRunner$2.evaluate(ParentRunner.java:268)\r\n\tat org.junit.runners.ParentRunner.run(ParentRunner.java:363)\r\n\tat cucumber.api.junit.Cucumber.run(Cucumber.java:98)\r\n\tat org.apache.maven.surefire.junit4.JUnit4Provider.execute(JUnit4Provider.java:252)\r\n\tat org.apache.maven.surefire.junit4.JUnit4Provider.executeTestSet(JUnit4Provider.java:141)\r\n\tat org.apache.maven.surefire.junit4.JUnit4Provider.invoke(JUnit4Provider.java:112)\r\n\tat sun.reflect.NativeMethodAccessorImpl.invoke0(Native Method)\r\n\tat sun.reflect.NativeMethodAccessorImpl.invoke(NativeMethodAccessorImpl.java:62)\r\n\tat sun.reflect.DelegatingMethodAccessorImpl.invoke(DelegatingMethodAccessorImpl.java:43)\r\n\tat java.lang.reflect.Method.invoke(Method.java:497)\r\n\tat org.apache.maven.surefire.util.ReflectionUtils.invokeMethodWithArray(ReflectionUtils.java:189)\r\n\tat org.apache.maven.surefire.booter.ProviderFactory$ProviderProxy.invoke(ProviderFactory.java:165)\r\n\tat org.apache.maven.surefire.booter.ProviderFactory.invokeProvider(ProviderFactory.java:85)\r\n\tat org.apache.maven.surefire.booter.ForkedBooter.runSuitesInProcess(ForkedBooter.java:115)\r\n\tat org.apache.maven.surefire.booter.ForkedBooter.main(ForkedBooter.java:75)\r\nCaused by: org.openqa.selenium.interactions.MoveTargetOutOfBoundsException: Offset within element cannot be scrolled into view: (0, 0): [object HTMLDivElement]\nBuild info: version: \u00272.47.1\u0027, revision: \u0027unknown\u0027, time: \u00272015-07-30 11:02:44\u0027\nSystem info: host: \u0027itdplap006247\u0027, ip: \u0027192.168.1.72\u0027, os.name: \u0027Windows 8.1\u0027, os.arch: \u0027amd64\u0027, os.version: \u00276.3\u0027, java.version: \u00271.8.0_40\u0027\nDriver info: driver.version: unknown\r\n\tat \u003canonymous class\u003e.FirefoxDriver.prototype.mouseMoveTo(file:///C:/Users/ANNAMA~1.CAS/AppData/Local/Temp/anonymous8466921783249708275webdriver-profile/extensions/fxdriver@googlecode.com/components/driver-component.js:10978)\r\n\tat \u003canonymous class\u003e.DelayedCommand.prototype.executeInternal_/h(file:///C:/Users/ANNAMA~1.CAS/AppData/Local/Temp/anonymous8466921783249708275webdriver-profile/extensions/fxdriver@googlecode.com/components/command-processor.js:12643)\r\n\tat \u003canonymous class\u003e.DelayedCommand.prototype.executeInternal_(file:///C:/Users/ANNAMA~1.CAS/AppData/Local/Temp/anonymous8466921783249708275webdriver-profile/extensions/fxdriver@googlecode.com/components/command-processor.js:12648)\r\n\tat \u003canonymous class\u003e.DelayedCommand.prototype.execute/\u003c(file:///C:/Users/ANNAMA~1.CAS/AppData/Local/Temp/anonymous8466921783249708275webdriver-profile/extensions/fxdriver@googlecode.com/components/command-processor.js:12590)\r\n",
              "status": "failed"
            },
            "match": {
              "location": "CucumberBeforeAfter.clearNotes()"
            }
          },
          {
            "result": {
              "duration": 2893421232,
              "status": "passed"
            },
            "match": {
              "location": "CucumberBeforeAfter.tearDown(Scenario)"
            }
          }
        ],
        "type": "scenario",
        "keyword": "Scenario",
        "steps": [
          {
            "result": {
              "duration": 65666153442,
              "status": "passed"
            },
            "line": 9,
            "name": "a note with title \u0027Sample title\u0027 and body \u0027This is some body text\u0027 is created",
            "match": {
              "arguments": [
                {
                  "val": "Sample title",
                  "offset": 19
                },
                {
                  "val": "This is some body text",
                  "offset": 43
                }
              ],
              "location": "HomeSteps.createNote(String,String)"
            },
            "keyword": "When "
          },
          {
            "result": {
              "duration": 114254041,
              "error_message": "java.lang.AssertionError: Note is expected to be found in note list\r\n\tat org.junit.Assert.fail(Assert.java:88)\r\n\tat org.junit.Assert.assertTrue(Assert.java:41)\r\n\tat edu.plas.testautoandci.ampc.stepdefinitions.HomeSteps.isNoteInList(HomeSteps.java:48)\r\n\tat âœ½.Then the note with title \u0027Sample title\u0027 and date \u0027moments ago\u0027 is available in the list of notes(noteCreation.feature:10)\r\n",
              "status": "failed"
            },
            "line": 10,
            "name": "the note with title \u0027Sample title\u0027 and date \u0027moments ago\u0027 is available in the list of notes",
            "match": {
              "arguments": [
                {
                  "val": "Sample title",
                  "offset": 21
                },
                {
                  "val": "moments ago",
                  "offset": 45
                }
              ],
              "location": "HomeSteps.isNoteInList(String,String)"
            },
            "keyword": "Then "
          },
          {
            "result": {
              "status": "skipped"
            },
            "line": 11,
            "name": "the account is logged out from",
            "match": {
              "location": "HomeSteps.logOut()"
            },
            "keyword": "When "
          },
          {
            "result": {
              "status": "skipped"
            },
            "line": 12,
            "name": "the Evernote Login page is loaded",
            "match": {
              "arguments": [
                {
                  "val": "Evernote Login",
                  "offset": 4
                }
              ],
              "location": "NavigationSteps.siteIsLoaded(String)"
            },
            "keyword": "And "
          },
          {
            "result": {
              "status": "skipped"
            },
            "line": 13,
            "name": "the existing account is logged in to",
            "match": {
              "location": "LoginSteps.logInWithValidCredentialsForExistingAccount()"
            },
            "keyword": "And "
          },
          {
            "result": {
              "status": "skipped"
            },
            "output": [
              "Time of failure: 14/12/2015 16:34:31",
              "\u003ca href\u003d\"1450107272285.jpeg\" target\u003d\"_blank\"\u003eClick to reveal screenshot at time of failure\u003c/a\u003e"
            ],
            "line": 14,
            "name": "the note with title \u0027Sample title\u0027 and date \u0027NOTE_DATE_PLACEHOLDER\u0027 is still available in the list of notes",
            "match": {
              "arguments": [
                {
                  "val": "Sample title",
                  "offset": 21
                },
                {
                  "val": "NOTE_DATE_PLACEHOLDER",
                  "offset": 45
                }
              ],
              "location": "HomeSteps.isNoteInList(String,String)"
            },
            "keyword": "Then "
          }
        ]
      }
    ],
    "name": "Creation of notes",
    "description": "",
    "id": "creation-of-notes",
    "keyword": "Feature",
    "uri": "noteCreation.feature",
    "tags": [
      {
        "line": 1,
        "name": "@notes"
      }
    ]
  }
]